go run cmd/main.go
Signing userOder...
domainSeparator: 0xe09f678c0990499685aa1fd3071947345fbe5f526e3f1e404415568ec4c0fef4
expected domain: 0xe09f678c0990499685aa1fd3071947345fbe5f526e3f1e404415568ec4c0fef4
----
userOrder: 0x82e6f72dc84952903e1cadf5c7075cb11bacd4a6b9d6a39a2b5561195f989887
expected : 0x82e6f72dc84952903e1cadf5c7075cb11bacd4a6b9d6a39a2b5561195f989887

raw Hash: 0xe8914527c3253c4446999aad0dfd2bee90f94da648bbaad27e8ee5f7945353be
expected: 0xe8914527c3253c4446999aad0dfd2bee90f94da648bbaad27e8ee5f7945353be
----
Js signat: 0x11a7a0cd689334a0d6ef9039579a78ae57e71e32f90c28e1e8fbfc6d6f49c46963017ab1f06ac8f087a615e03df161683768d5da286fd3a836e51ec00fbee2a41b
Signature: 0xb1978fa2c84988825da2ed382e3000e794fc26d4f1803806074557520f37738b1b44c99acb6c434b27a66e990bbf8969e0faccb7b2dccb4d68ecf7ddfa43e3af01
R: b1978fa2c84988825da2ed382e3000e794fc26d4f1803806074557520f37738b
S: 1b44c99acb6c434b27a66e990bbf8969e0faccb7b2dccb4d68ecf7ddfa43e3af
V: 28
Recover: 0x672b7765Cb9c4Bae6C76d828F14EEA9A9740EefA
Signer : 0x672b7765Cb9c4Bae6C76d828F14EEA9A9740EefA


Signing order...
domainSeparator: 0xe09f678c0990499685aa1fd3071947345fbe5f526e3f1e404415568ec4c0fef4
expected domain: 0xe09f678c0990499685aa1fd3071947345fbe5f526e3f1e404415568ec4c0fef4
----
userOrder: 0x86b265fe4e42471ce4d5a2611b6878626ea4236491a498b79ea8761f5efddfe2
expected : 0x86b265fe4e42471ce4d5a2611b6878626ea4236491a498b79ea8761f5efddfe2

raw Hash: 0x7fb7f11b742eea78541fa27a03cdf6137403e7ed79c4174e5a1008949801ea39
expected: 0x7fb7f11b742eea78541fa27a03cdf6137403e7ed79c4174e5a1008949801ea39
----
Js Signat: 0x10e509ab476004ad607532c2e8629de1153803e06afbba9451d3a09b3ec6e72330ade8f90c51161a6e4b844ed06557318b58ce9d32441a61a06e8a44c7abce301b
Signature: 0x10e509ab476004ad607532c2e8629de1153803e06afbba9451d3a09b3ec6e72330ade8f90c51161a6e4b844ed06557318b58ce9d32441a61a06e8a44c7abce3000
R: 10e509ab476004ad607532c2e8629de1153803e06afbba9451d3a09b3ec6e723
S: 30ade8f90c51161a6e4b844ed06557318b58ce9d32441a61a06e8a44c7abce30
V: 27
Recover: 0x672b7765Cb9c4Bae6C76d828F14EEA9A9740EefA
Signer : 0x672b7765Cb9c4Bae6C76d828F14EEA9A9740EefA